<?xml version="1.0" encoding="UTF-8"?>
<!-- Generated by org.testng.reporters.JUnitReportReporter -->
<testsuite hostname="fnngj-PC" name="login.knife.demo.LoginAndOutTest" tests="1" failures="0" timestamp="22 Apr 2016 13:08:21 GMT" time="13.215" errors="0">
  <testcase name="testCase" time="13.215" classname="login.knife.demo.LoginAndOutTest"/>
</testsuite> <!-- login.knife.demo.LoginAndOutTest -->
