<?xml version="1.0" encoding="UTF-8"?>
<!-- Generated by org.testng.reporters.JUnitReportReporter -->
<testsuite hostname="MININT-IQVJFIT" name="com.knife.demo.BaiduSearchTest" tests="1" failures="0" timestamp="20 Apr 2016 10:08:08 GMT" time="5.884" errors="0">
  <testcase name="testCase" time="5.884" classname="com.knife.demo.BaiduSearchTest"/>
</testsuite> <!-- com.knife.demo.BaiduSearchTest -->
