<?xml version="1.0" encoding="UTF-8"?>
<!-- Generated by org.testng.reporters.JUnitReportReporter -->
<testsuite hostname="fnngj-PC" name="com.knife.demo.BaiduSearchTest" tests="1" failures="0" timestamp="16 Apr 2016 03:33:38 GMT" time="5.244" errors="0">
  <testcase name="testCase" time="5.244" classname="com.knife.demo.BaiduSearchTest"/>
</testsuite> <!-- com.knife.demo.BaiduSearchTest -->
