<?xml version="1.0" encoding="UTF-8"?>
<!-- Generated by org.testng.reporters.JUnitReportReporter -->
<testsuite hostname="fnngj-PC" name="com.knife.demo.BaiduSearchTest" tests="1" failures="0" timestamp="22 Apr 2016 12:54:57 GMT" time="6.383" errors="0">
  <testcase name="testCase" time="6.383" classname="com.knife.demo.BaiduSearchTest"/>
</testsuite> <!-- com.knife.demo.BaiduSearchTest -->
