<?xml version="1.0" encoding="UTF-8"?>
<!-- Generated by org.testng.reporters.JUnitReportReporter -->
<testsuite hostname="fnngj-PC" name="login.knife.demo.LoginTest" tests="4" failures="0" timestamp="22 Apr 2016 13:08:21 GMT" time="30.576" errors="0">
  <testcase name="testCase" time="7.742" classname="login.knife.demo.LoginTest"/>
  <testcase name="testCase" time="7.576" classname="login.knife.demo.LoginTest"/>
  <testcase name="testCase" time="6.797" classname="login.knife.demo.LoginTest"/>
  <testcase name="testCase" time="8.461" classname="login.knife.demo.LoginTest"/>
</testsuite> <!-- login.knife.demo.LoginTest -->
